Removed Pin From Net: NetName=NetJ1_1 Pin=L1-1
Added Component: Designator=R?(RESC2013X50X30ML20T20)
Add component (AddParameter): Name = "Manufacturer"; Value = "Vishay Dale"; VariantName = "[No Variations]"
Add component (AddParameter): Name = "Part Number"; Value = "CRCW0805270RFKEA"; VariantName = "[No Variations]"
Added Component: Designator=TP?(KSTN-5015_V)
Add component (AddParameter): Name = "Contact Plating"; Value = "Silver"; VariantName = "[No Variations]"
Add component (AddParameter): Name = "Datasheet URL"; Value = "https://datasheet.ciiva.com/1123/5015-1123862.pdf"; VariantName = "[No Variations]"
Add component (AddParameter): Name = "Datasheet Version"; Value = "Mar-14"; VariantName = "[No Variations]"
Add component (AddParameter): Name = "Finish Plating"; Value = "SilverPlate"; VariantName = "[No Variations]"
Add component (AddParameter): Name = "Height"; Value = "0.06In."; VariantName = "[No Variations]"
Add component (AddParameter): Name = "Length"; Value = "0.105"(2.667mm)"; VariantName = "[No Variations]"
Add component (AddParameter): Name = "Manufacturer"; Value = "Keystone"; VariantName = "[No Variations]"
Add component (AddParameter): Name = "Manufacturer URL"; Value = "http://www.keyelco.com/"; VariantName = "[No Variations]"
Add component (AddParameter): Name = "Material"; Value = "PhosphorBronze"; VariantName = "[No Variations]"
Add component (AddParameter): Name = "Material, Contact"; Value = "PhosphorBronze"; VariantName = "[No Variations]"
Add component (AddParameter): Name = "Mounting"; Value = "SurfaceMount"; VariantName = "[No Variations]"
Add component (AddParameter): Name = "Mounting Type"; Value = "SurfaceMount"; VariantName = "[No Variations]"
Add component (AddParameter): Name = "Primary Type"; Value = "PCBTestPoints"; VariantName = "[No Variations]"
Add component (AddParameter): Name = "Style"; Value = "Miniature"; VariantName = "[No Variations]"
Add component (AddParameter): Name = "Termination"; Value = "SMT"; VariantName = "[No Variations]"
Add component (AddParameter): Name = "Thickness"; Value = "0.010In."; VariantName = "[No Variations]"
Add component (AddParameter): Name = "Type"; Value = "TestPointsonTapeandReel"; VariantName = "[No Variations]"
Added Component: Designator=TP?(KSTN-5015_V)
Add component (AddParameter): Name = "Contact Plating"; Value = "Silver"; VariantName = "[No Variations]"
Add component (AddParameter): Name = "Datasheet URL"; Value = "https://datasheet.ciiva.com/1123/5015-1123862.pdf"; VariantName = "[No Variations]"
Add component (AddParameter): Name = "Datasheet Version"; Value = "Mar-14"; VariantName = "[No Variations]"
Add component (AddParameter): Name = "Finish Plating"; Value = "SilverPlate"; VariantName = "[No Variations]"
Add component (AddParameter): Name = "Height"; Value = "0.06In."; VariantName = "[No Variations]"
Add component (AddParameter): Name = "Length"; Value = "0.105"(2.667mm)"; VariantName = "[No Variations]"
Add component (AddParameter): Name = "Manufacturer"; Value = "Keystone"; VariantName = "[No Variations]"
Add component (AddParameter): Name = "Manufacturer URL"; Value = "http://www.keyelco.com/"; VariantName = "[No Variations]"
Add component (AddParameter): Name = "Material"; Value = "PhosphorBronze"; VariantName = "[No Variations]"
Add component (AddParameter): Name = "Material, Contact"; Value = "PhosphorBronze"; VariantName = "[No Variations]"
Add component (AddParameter): Name = "Mounting"; Value = "SurfaceMount"; VariantName = "[No Variations]"
Add component (AddParameter): Name = "Mounting Type"; Value = "SurfaceMount"; VariantName = "[No Variations]"
Add component (AddParameter): Name = "Primary Type"; Value = "PCBTestPoints"; VariantName = "[No Variations]"
Add component (AddParameter): Name = "Style"; Value = "Miniature"; VariantName = "[No Variations]"
Add component (AddParameter): Name = "Termination"; Value = "SMT"; VariantName = "[No Variations]"
Add component (AddParameter): Name = "Thickness"; Value = "0.010In."; VariantName = "[No Variations]"
Add component (AddParameter): Name = "Type"; Value = "TestPointsonTapeandReel"; VariantName = "[No Variations]"
Added Component: Designator=TP?(KSTN-5015_V)
Add component (AddParameter): Name = "Contact Plating"; Value = "Silver"; VariantName = "[No Variations]"
Add component (AddParameter): Name = "Datasheet URL"; Value = "https://datasheet.ciiva.com/1123/5015-1123862.pdf"; VariantName = "[No Variations]"
Add component (AddParameter): Name = "Datasheet Version"; Value = "Mar-14"; VariantName = "[No Variations]"
Add component (AddParameter): Name = "Finish Plating"; Value = "SilverPlate"; VariantName = "[No Variations]"
Add component (AddParameter): Name = "Height"; Value = "0.06In."; VariantName = "[No Variations]"
Add component (AddParameter): Name = "Length"; Value = "0.105"(2.667mm)"; VariantName = "[No Variations]"
Add component (AddParameter): Name = "Manufacturer"; Value = "Keystone"; VariantName = "[No Variations]"
Add component (AddParameter): Name = "Manufacturer URL"; Value = "http://www.keyelco.com/"; VariantName = "[No Variations]"
Add component (AddParameter): Name = "Material"; Value = "PhosphorBronze"; VariantName = "[No Variations]"
Add component (AddParameter): Name = "Material, Contact"; Value = "PhosphorBronze"; VariantName = "[No Variations]"
Add component (AddParameter): Name = "Mounting"; Value = "SurfaceMount"; VariantName = "[No Variations]"
Add component (AddParameter): Name = "Mounting Type"; Value = "SurfaceMount"; VariantName = "[No Variations]"
Add component (AddParameter): Name = "Primary Type"; Value = "PCBTestPoints"; VariantName = "[No Variations]"
Add component (AddParameter): Name = "Style"; Value = "Miniature"; VariantName = "[No Variations]"
Add component (AddParameter): Name = "Termination"; Value = "SMT"; VariantName = "[No Variations]"
Add component (AddParameter): Name = "Thickness"; Value = "0.010In."; VariantName = "[No Variations]"
Add component (AddParameter): Name = "Type"; Value = "TestPointsonTapeandReel"; VariantName = "[No Variations]"
Added Component: Designator=TP?(KSTN-5015_V)
Add component (AddParameter): Name = "Contact Plating"; Value = "Silver"; VariantName = "[No Variations]"
Add component (AddParameter): Name = "Datasheet URL"; Value = "https://datasheet.ciiva.com/1123/5015-1123862.pdf"; VariantName = "[No Variations]"
Add component (AddParameter): Name = "Datasheet Version"; Value = "Mar-14"; VariantName = "[No Variations]"
Add component (AddParameter): Name = "Finish Plating"; Value = "SilverPlate"; VariantName = "[No Variations]"
Add component (AddParameter): Name = "Height"; Value = "0.06In."; VariantName = "[No Variations]"
Add component (AddParameter): Name = "Length"; Value = "0.105"(2.667mm)"; VariantName = "[No Variations]"
Add component (AddParameter): Name = "Manufacturer"; Value = "Keystone"; VariantName = "[No Variations]"
Add component (AddParameter): Name = "Manufacturer URL"; Value = "http://www.keyelco.com/"; VariantName = "[No Variations]"
Add component (AddParameter): Name = "Material"; Value = "PhosphorBronze"; VariantName = "[No Variations]"
Add component (AddParameter): Name = "Material, Contact"; Value = "PhosphorBronze"; VariantName = "[No Variations]"
Add component (AddParameter): Name = "Mounting"; Value = "SurfaceMount"; VariantName = "[No Variations]"
Add component (AddParameter): Name = "Mounting Type"; Value = "SurfaceMount"; VariantName = "[No Variations]"
Add component (AddParameter): Name = "Primary Type"; Value = "PCBTestPoints"; VariantName = "[No Variations]"
Add component (AddParameter): Name = "Style"; Value = "Miniature"; VariantName = "[No Variations]"
Add component (AddParameter): Name = "Termination"; Value = "SMT"; VariantName = "[No Variations]"
Add component (AddParameter): Name = "Thickness"; Value = "0.010In."; VariantName = "[No Variations]"
Add component (AddParameter): Name = "Type"; Value = "TestPointsonTapeandReel"; VariantName = "[No Variations]"
Added Component: Designator=TP?(KSTN-5015_V)
Add component (AddParameter): Name = "Contact Plating"; Value = "Silver"; VariantName = "[No Variations]"
Add component (AddParameter): Name = "Datasheet URL"; Value = "https://datasheet.ciiva.com/1123/5015-1123862.pdf"; VariantName = "[No Variations]"
Add component (AddParameter): Name = "Datasheet Version"; Value = "Mar-14"; VariantName = "[No Variations]"
Add component (AddParameter): Name = "Finish Plating"; Value = "SilverPlate"; VariantName = "[No Variations]"
Add component (AddParameter): Name = "Height"; Value = "0.06In."; VariantName = "[No Variations]"
Add component (AddParameter): Name = "Length"; Value = "0.105"(2.667mm)"; VariantName = "[No Variations]"
Add component (AddParameter): Name = "Manufacturer"; Value = "Keystone"; VariantName = "[No Variations]"
Add component (AddParameter): Name = "Manufacturer URL"; Value = "http://www.keyelco.com/"; VariantName = "[No Variations]"
Add component (AddParameter): Name = "Material"; Value = "PhosphorBronze"; VariantName = "[No Variations]"
Add component (AddParameter): Name = "Material, Contact"; Value = "PhosphorBronze"; VariantName = "[No Variations]"
Add component (AddParameter): Name = "Mounting"; Value = "SurfaceMount"; VariantName = "[No Variations]"
Add component (AddParameter): Name = "Mounting Type"; Value = "SurfaceMount"; VariantName = "[No Variations]"
Add component (AddParameter): Name = "Primary Type"; Value = "PCBTestPoints"; VariantName = "[No Variations]"
Add component (AddParameter): Name = "Style"; Value = "Miniature"; VariantName = "[No Variations]"
Add component (AddParameter): Name = "Termination"; Value = "SMT"; VariantName = "[No Variations]"
Add component (AddParameter): Name = "Thickness"; Value = "0.010In."; VariantName = "[No Variations]"
Add component (AddParameter): Name = "Type"; Value = "TestPointsonTapeandReel"; VariantName = "[No Variations]"
Added Component: Designator=TP?(KSTN-5015_V)
Add component (AddParameter): Name = "Contact Plating"; Value = "Silver"; VariantName = "[No Variations]"
Add component (AddParameter): Name = "Datasheet URL"; Value = "https://datasheet.ciiva.com/1123/5015-1123862.pdf"; VariantName = "[No Variations]"
Add component (AddParameter): Name = "Datasheet Version"; Value = "Mar-14"; VariantName = "[No Variations]"
Add component (AddParameter): Name = "Finish Plating"; Value = "SilverPlate"; VariantName = "[No Variations]"
Add component (AddParameter): Name = "Height"; Value = "0.06In."; VariantName = "[No Variations]"
Add component (AddParameter): Name = "Length"; Value = "0.105"(2.667mm)"; VariantName = "[No Variations]"
Add component (AddParameter): Name = "Manufacturer"; Value = "Keystone"; VariantName = "[No Variations]"
Add component (AddParameter): Name = "Manufacturer URL"; Value = "http://www.keyelco.com/"; VariantName = "[No Variations]"
Add component (AddParameter): Name = "Material"; Value = "PhosphorBronze"; VariantName = "[No Variations]"
Add component (AddParameter): Name = "Material, Contact"; Value = "PhosphorBronze"; VariantName = "[No Variations]"
Add component (AddParameter): Name = "Mounting"; Value = "SurfaceMount"; VariantName = "[No Variations]"
Add component (AddParameter): Name = "Mounting Type"; Value = "SurfaceMount"; VariantName = "[No Variations]"
Add component (AddParameter): Name = "Primary Type"; Value = "PCBTestPoints"; VariantName = "[No Variations]"
Add component (AddParameter): Name = "Style"; Value = "Miniature"; VariantName = "[No Variations]"
Add component (AddParameter): Name = "Termination"; Value = "SMT"; VariantName = "[No Variations]"
Add component (AddParameter): Name = "Thickness"; Value = "0.010In."; VariantName = "[No Variations]"
Add component (AddParameter): Name = "Type"; Value = "TestPointsonTapeandReel"; VariantName = "[No Variations]"
Added Component: Designator=TP?(KSTN-5015_V)
Add component (AddParameter): Name = "Contact Plating"; Value = "Silver"; VariantName = "[No Variations]"
Add component (AddParameter): Name = "Datasheet URL"; Value = "https://datasheet.ciiva.com/1123/5015-1123862.pdf"; VariantName = "[No Variations]"
Add component (AddParameter): Name = "Datasheet Version"; Value = "Mar-14"; VariantName = "[No Variations]"
Add component (AddParameter): Name = "Finish Plating"; Value = "SilverPlate"; VariantName = "[No Variations]"
Add component (AddParameter): Name = "Height"; Value = "0.06In."; VariantName = "[No Variations]"
Add component (AddParameter): Name = "Length"; Value = "0.105"(2.667mm)"; VariantName = "[No Variations]"
Add component (AddParameter): Name = "Manufacturer"; Value = "Keystone"; VariantName = "[No Variations]"
Add component (AddParameter): Name = "Manufacturer URL"; Value = "http://www.keyelco.com/"; VariantName = "[No Variations]"
Add component (AddParameter): Name = "Material"; Value = "PhosphorBronze"; VariantName = "[No Variations]"
Add component (AddParameter): Name = "Material, Contact"; Value = "PhosphorBronze"; VariantName = "[No Variations]"
Add component (AddParameter): Name = "Mounting"; Value = "SurfaceMount"; VariantName = "[No Variations]"
Add component (AddParameter): Name = "Mounting Type"; Value = "SurfaceMount"; VariantName = "[No Variations]"
Add component (AddParameter): Name = "Primary Type"; Value = "PCBTestPoints"; VariantName = "[No Variations]"
Add component (AddParameter): Name = "Style"; Value = "Miniature"; VariantName = "[No Variations]"
Add component (AddParameter): Name = "Termination"; Value = "SMT"; VariantName = "[No Variations]"
Add component (AddParameter): Name = "Thickness"; Value = "0.010In."; VariantName = "[No Variations]"
Add component (AddParameter): Name = "Type"; Value = "TestPointsonTapeandReel"; VariantName = "[No Variations]"
Added Component: Designator=TP?(KSTN-5015_V)
Add component (AddParameter): Name = "Contact Plating"; Value = "Silver"; VariantName = "[No Variations]"
Add component (AddParameter): Name = "Datasheet URL"; Value = "https://datasheet.ciiva.com/1123/5015-1123862.pdf"; VariantName = "[No Variations]"
Add component (AddParameter): Name = "Datasheet Version"; Value = "Mar-14"; VariantName = "[No Variations]"
Add component (AddParameter): Name = "Finish Plating"; Value = "SilverPlate"; VariantName = "[No Variations]"
Add component (AddParameter): Name = "Height"; Value = "0.06In."; VariantName = "[No Variations]"
Add component (AddParameter): Name = "Length"; Value = "0.105"(2.667mm)"; VariantName = "[No Variations]"
Add component (AddParameter): Name = "Manufacturer"; Value = "Keystone"; VariantName = "[No Variations]"
Add component (AddParameter): Name = "Manufacturer URL"; Value = "http://www.keyelco.com/"; VariantName = "[No Variations]"
Add component (AddParameter): Name = "Material"; Value = "PhosphorBronze"; VariantName = "[No Variations]"
Add component (AddParameter): Name = "Material, Contact"; Value = "PhosphorBronze"; VariantName = "[No Variations]"
Add component (AddParameter): Name = "Mounting"; Value = "SurfaceMount"; VariantName = "[No Variations]"
Add component (AddParameter): Name = "Mounting Type"; Value = "SurfaceMount"; VariantName = "[No Variations]"
Add component (AddParameter): Name = "Primary Type"; Value = "PCBTestPoints"; VariantName = "[No Variations]"
Add component (AddParameter): Name = "Style"; Value = "Miniature"; VariantName = "[No Variations]"
Add component (AddParameter): Name = "Termination"; Value = "SMT"; VariantName = "[No Variations]"
Add component (AddParameter): Name = "Thickness"; Value = "0.010In."; VariantName = "[No Variations]"
Add component (AddParameter): Name = "Type"; Value = "TestPointsonTapeandReel"; VariantName = "[No Variations]"
Added Component: Designator=TP?(KSTN-5015_V)
Add component (AddParameter): Name = "Contact Plating"; Value = "Silver"; VariantName = "[No Variations]"
Add component (AddParameter): Name = "Datasheet URL"; Value = "https://datasheet.ciiva.com/1123/5015-1123862.pdf"; VariantName = "[No Variations]"
Add component (AddParameter): Name = "Datasheet Version"; Value = "Mar-14"; VariantName = "[No Variations]"
Add component (AddParameter): Name = "Finish Plating"; Value = "SilverPlate"; VariantName = "[No Variations]"
Add component (AddParameter): Name = "Height"; Value = "0.06In."; VariantName = "[No Variations]"
Add component (AddParameter): Name = "Length"; Value = "0.105"(2.667mm)"; VariantName = "[No Variations]"
Add component (AddParameter): Name = "Manufacturer"; Value = "Keystone"; VariantName = "[No Variations]"
Add component (AddParameter): Name = "Manufacturer URL"; Value = "http://www.keyelco.com/"; VariantName = "[No Variations]"
Add component (AddParameter): Name = "Material"; Value = "PhosphorBronze"; VariantName = "[No Variations]"
Add component (AddParameter): Name = "Material, Contact"; Value = "PhosphorBronze"; VariantName = "[No Variations]"
Add component (AddParameter): Name = "Mounting"; Value = "SurfaceMount"; VariantName = "[No Variations]"
Add component (AddParameter): Name = "Mounting Type"; Value = "SurfaceMount"; VariantName = "[No Variations]"
Add component (AddParameter): Name = "Primary Type"; Value = "PCBTestPoints"; VariantName = "[No Variations]"
Add component (AddParameter): Name = "Style"; Value = "Miniature"; VariantName = "[No Variations]"
Add component (AddParameter): Name = "Termination"; Value = "SMT"; VariantName = "[No Variations]"
Add component (AddParameter): Name = "Thickness"; Value = "0.010In."; VariantName = "[No Variations]"
Add component (AddParameter): Name = "Type"; Value = "TestPointsonTapeandReel"; VariantName = "[No Variations]"
Added Component: Designator=TP?(KSTN-5015_V)
Add component (AddParameter): Name = "Contact Plating"; Value = "Silver"; VariantName = "[No Variations]"
Add component (AddParameter): Name = "Datasheet URL"; Value = "https://datasheet.ciiva.com/1123/5015-1123862.pdf"; VariantName = "[No Variations]"
Add component (AddParameter): Name = "Datasheet Version"; Value = "Mar-14"; VariantName = "[No Variations]"
Add component (AddParameter): Name = "Finish Plating"; Value = "SilverPlate"; VariantName = "[No Variations]"
Add component (AddParameter): Name = "Height"; Value = "0.06In."; VariantName = "[No Variations]"
Add component (AddParameter): Name = "Length"; Value = "0.105"(2.667mm)"; VariantName = "[No Variations]"
Add component (AddParameter): Name = "Manufacturer"; Value = "Keystone"; VariantName = "[No Variations]"
Add component (AddParameter): Name = "Manufacturer URL"; Value = "http://www.keyelco.com/"; VariantName = "[No Variations]"
Add component (AddParameter): Name = "Material"; Value = "PhosphorBronze"; VariantName = "[No Variations]"
Add component (AddParameter): Name = "Material, Contact"; Value = "PhosphorBronze"; VariantName = "[No Variations]"
Add component (AddParameter): Name = "Mounting"; Value = "SurfaceMount"; VariantName = "[No Variations]"
Add component (AddParameter): Name = "Mounting Type"; Value = "SurfaceMount"; VariantName = "[No Variations]"
Add component (AddParameter): Name = "Primary Type"; Value = "PCBTestPoints"; VariantName = "[No Variations]"
Add component (AddParameter): Name = "Style"; Value = "Miniature"; VariantName = "[No Variations]"
Add component (AddParameter): Name = "Termination"; Value = "SMT"; VariantName = "[No Variations]"
Add component (AddParameter): Name = "Thickness"; Value = "0.010In."; VariantName = "[No Variations]"
Add component (AddParameter): Name = "Type"; Value = "TestPointsonTapeandReel"; VariantName = "[No Variations]"
Added Pin To Net: NetName=NetJ1_1 Pin=R?-1
Added Pin To Net: NetName=NetL1_1 Pin=L1-1
Added Pin To Net: NetName=NetL1_1 Pin=R?-2
Added Net: Name=NetL1_1
Added Member To Class: ClassName=VaractorTline144Mhz Member=Component R? Jump
Added Member To Class: ClassName=VaractorTline144Mhz Member=Component TP? 5015
Added Member To Class: ClassName=VaractorTline144Mhz Member=Component TP? 5015
Added Member To Class: ClassName=VaractorTline144Mhz Member=Component TP? 5015
Added Member To Class: ClassName=VaractorTline144Mhz Member=Component TP? 5015
Added Member To Class: ClassName=VaractorTline144Mhz Member=Component TP? 5015
Added Member To Class: ClassName=VaractorTline144Mhz Member=Component TP? 5015
Added Member To Class: ClassName=VaractorTline144Mhz Member=Component TP? 5015
Added Member To Class: ClassName=VaractorTline144Mhz Member=Component TP? 5015
Added Member To Class: ClassName=VaractorTline144Mhz Member=Component TP? 5015
Added Member To Class: ClassName=VaractorTline144Mhz Member=Component TP? 5015
Added Room: Name=VaractorTline144Mhz
